ARM GAS  /tmp/ccalpIwy.s 			page 1


   1              		.cpu cortex-m3
   2              		.eabi_attribute 20, 1
   3              		.eabi_attribute 21, 1
   4              		.eabi_attribute 23, 3
   5              		.eabi_attribute 24, 1
   6              		.eabi_attribute 25, 1
   7              		.eabi_attribute 26, 1
   8              		.eabi_attribute 30, 1
   9              		.eabi_attribute 34, 1
  10              		.eabi_attribute 18, 4
  11              		.file	"led_color.c"
  12              		.text
  13              	.Ltext0:
  14              		.cfi_sections	.debug_frame
  15              		.section	.text.Set_Led_Color,"ax",%progbits
  16              		.align	1
  17              		.global	Set_Led_Color
  18              		.arch armv7-m
  19              		.syntax unified
  20              		.thumb
  21              		.thumb_func
  22              		.fpu softvfp
  24              	Set_Led_Color:
  25              	.LVL0:
  26              	.LFB72:
  27              		.file 1 "Core/Src/led_color.c"
   1:Core/Src/led_color.c **** /// @brief 
   2:Core/Src/led_color.c **** /// @param ledc 
   3:Core/Src/led_color.c **** 
   4:Core/Src/led_color.c **** #include<led_color.h>
   5:Core/Src/led_color.c **** #include <stm32f205xx.h>
   6:Core/Src/led_color.c **** 
   7:Core/Src/led_color.c **** 
   8:Core/Src/led_color.c **** 
   9:Core/Src/led_color.c **** void Set_Led_Color(led_c ledc, uint8_t bb)
  10:Core/Src/led_color.c ****   {
  28              		.loc 1 10 3 view -0
  29              		.cfi_startproc
  30              		@ args = 0, pretend = 0, frame = 0
  31              		@ frame_needed = 0, uses_anonymous_args = 0
  32              		@ link register save eliminated.
  11:Core/Src/led_color.c ****     // uint8_t *LedR, *LedG, *LedB;
  12:Core/Src/led_color.c ****     switch(ledc){
  33              		.loc 1 12 5 view .LVU1
  34 0000 0728     		cmp	r0, #7
  35 0002 33D8     		bhi	.L1
  36 0004 DFE800F0 		tbb	[pc, r0]
  37              	.L4:
  38 0008 04       		.byte	(.L11-.L4)/2
  39 0009 0A       		.byte	(.L10-.L4)/2
  40 000a 0F       		.byte	(.L9-.L4)/2
  41 000b 15       		.byte	(.L8-.L4)/2
  42 000c 1B       		.byte	(.L7-.L4)/2
  43 000d 21       		.byte	(.L6-.L4)/2
  44 000e 27       		.byte	(.L5-.L4)/2
  45 000f 2D       		.byte	(.L3-.L4)/2
  46              		.p2align 1
ARM GAS  /tmp/ccalpIwy.s 			page 2


  47              	.L11:
  13:Core/Src/led_color.c ****       case black:
  14:Core/Src/led_color.c ****         TIM3 -> CCR1 = 0; //G
  48              		.loc 1 14 9 view .LVU2
  49              		.loc 1 14 22 is_stmt 0 view .LVU3
  50 0010 174B     		ldr	r3, .L12
  51 0012 0022     		movs	r2, #0
  52 0014 5A63     		str	r2, [r3, #52]
  15:Core/Src/led_color.c ****         TIM3 -> CCR2 = 0; //R
  53              		.loc 1 15 9 is_stmt 1 view .LVU4
  54              		.loc 1 15 22 is_stmt 0 view .LVU5
  55 0016 9A63     		str	r2, [r3, #56]
  16:Core/Src/led_color.c ****         TIM3 -> CCR4 = 0; //B
  56              		.loc 1 16 9 is_stmt 1 view .LVU6
  57              		.loc 1 16 22 is_stmt 0 view .LVU7
  58 0018 1A64     		str	r2, [r3, #64]
  17:Core/Src/led_color.c ****         break;
  59              		.loc 1 17 9 is_stmt 1 view .LVU8
  60 001a 7047     		bx	lr
  61              	.L10:
  18:Core/Src/led_color.c ****       case white:
  19:Core/Src/led_color.c ****         TIM3 -> CCR1 = bb;
  62              		.loc 1 19 9 view .LVU9
  63              		.loc 1 19 22 is_stmt 0 view .LVU10
  64 001c 144B     		ldr	r3, .L12
  65 001e 5963     		str	r1, [r3, #52]
  20:Core/Src/led_color.c ****         TIM3 -> CCR2 = bb;
  66              		.loc 1 20 9 is_stmt 1 view .LVU11
  67              		.loc 1 20 22 is_stmt 0 view .LVU12
  68 0020 9963     		str	r1, [r3, #56]
  21:Core/Src/led_color.c ****         TIM3 -> CCR4 = bb;
  69              		.loc 1 21 9 is_stmt 1 view .LVU13
  70              		.loc 1 21 22 is_stmt 0 view .LVU14
  71 0022 1964     		str	r1, [r3, #64]
  22:Core/Src/led_color.c ****         break;
  72              		.loc 1 22 9 is_stmt 1 view .LVU15
  73 0024 7047     		bx	lr
  74              	.L9:
  23:Core/Src/led_color.c ****       case red: 
  24:Core/Src/led_color.c ****         TIM3 -> CCR1 = 0;
  75              		.loc 1 24 9 view .LVU16
  76              		.loc 1 24 22 is_stmt 0 view .LVU17
  77 0026 124B     		ldr	r3, .L12
  78 0028 0022     		movs	r2, #0
  79 002a 5A63     		str	r2, [r3, #52]
  25:Core/Src/led_color.c ****         TIM3 -> CCR2 = bb;
  80              		.loc 1 25 9 is_stmt 1 view .LVU18
  81              		.loc 1 25 22 is_stmt 0 view .LVU19
  82 002c 9963     		str	r1, [r3, #56]
  26:Core/Src/led_color.c ****         TIM3 -> CCR4 = 0;
  83              		.loc 1 26 9 is_stmt 1 view .LVU20
  84              		.loc 1 26 22 is_stmt 0 view .LVU21
  85 002e 1A64     		str	r2, [r3, #64]
  27:Core/Src/led_color.c ****         break;
  86              		.loc 1 27 9 is_stmt 1 view .LVU22
  87 0030 7047     		bx	lr
  88              	.L8:
ARM GAS  /tmp/ccalpIwy.s 			page 3


  28:Core/Src/led_color.c ****       case green: 
  29:Core/Src/led_color.c ****         TIM3 -> CCR1 = bb;
  89              		.loc 1 29 9 view .LVU23
  90              		.loc 1 29 22 is_stmt 0 view .LVU24
  91 0032 0F4B     		ldr	r3, .L12
  92 0034 5963     		str	r1, [r3, #52]
  30:Core/Src/led_color.c ****         TIM3 -> CCR2 = 0;
  93              		.loc 1 30 9 is_stmt 1 view .LVU25
  94              		.loc 1 30 22 is_stmt 0 view .LVU26
  95 0036 0022     		movs	r2, #0
  96 0038 9A63     		str	r2, [r3, #56]
  31:Core/Src/led_color.c ****         TIM3 -> CCR4 = 0;
  97              		.loc 1 31 9 is_stmt 1 view .LVU27
  98              		.loc 1 31 22 is_stmt 0 view .LVU28
  99 003a 1A64     		str	r2, [r3, #64]
  32:Core/Src/led_color.c ****         break;
 100              		.loc 1 32 9 is_stmt 1 view .LVU29
 101 003c 7047     		bx	lr
 102              	.L7:
  33:Core/Src/led_color.c ****       case blue:
  34:Core/Src/led_color.c ****         TIM3 -> CCR1 = 0;
 103              		.loc 1 34 9 view .LVU30
 104              		.loc 1 34 22 is_stmt 0 view .LVU31
 105 003e 0C4B     		ldr	r3, .L12
 106 0040 0022     		movs	r2, #0
 107 0042 5A63     		str	r2, [r3, #52]
  35:Core/Src/led_color.c ****         TIM3 -> CCR2 = 0;
 108              		.loc 1 35 9 is_stmt 1 view .LVU32
 109              		.loc 1 35 22 is_stmt 0 view .LVU33
 110 0044 9A63     		str	r2, [r3, #56]
  36:Core/Src/led_color.c ****         TIM3 -> CCR4 = bb;
 111              		.loc 1 36 9 is_stmt 1 view .LVU34
 112              		.loc 1 36 22 is_stmt 0 view .LVU35
 113 0046 1964     		str	r1, [r3, #64]
  37:Core/Src/led_color.c ****         break;
 114              		.loc 1 37 9 is_stmt 1 view .LVU36
 115 0048 7047     		bx	lr
 116              	.L6:
  38:Core/Src/led_color.c ****       case yellow:
  39:Core/Src/led_color.c ****         TIM3 -> CCR1 = bb;
 117              		.loc 1 39 9 view .LVU37
 118              		.loc 1 39 22 is_stmt 0 view .LVU38
 119 004a 094B     		ldr	r3, .L12
 120 004c 5963     		str	r1, [r3, #52]
  40:Core/Src/led_color.c ****         TIM3 -> CCR2 = bb;
 121              		.loc 1 40 9 is_stmt 1 view .LVU39
 122              		.loc 1 40 22 is_stmt 0 view .LVU40
 123 004e 9963     		str	r1, [r3, #56]
  41:Core/Src/led_color.c ****         TIM3 -> CCR4 = 0;
 124              		.loc 1 41 9 is_stmt 1 view .LVU41
 125              		.loc 1 41 22 is_stmt 0 view .LVU42
 126 0050 0022     		movs	r2, #0
 127 0052 1A64     		str	r2, [r3, #64]
  42:Core/Src/led_color.c ****         break;
 128              		.loc 1 42 9 is_stmt 1 view .LVU43
 129 0054 7047     		bx	lr
 130              	.L5:
ARM GAS  /tmp/ccalpIwy.s 			page 4


  43:Core/Src/led_color.c ****       case aqua:
  44:Core/Src/led_color.c ****         TIM3 -> CCR1 = bb;
 131              		.loc 1 44 9 view .LVU44
 132              		.loc 1 44 22 is_stmt 0 view .LVU45
 133 0056 064B     		ldr	r3, .L12
 134 0058 5963     		str	r1, [r3, #52]
  45:Core/Src/led_color.c ****         TIM3 -> CCR2 = 0;
 135              		.loc 1 45 9 is_stmt 1 view .LVU46
 136              		.loc 1 45 22 is_stmt 0 view .LVU47
 137 005a 0022     		movs	r2, #0
 138 005c 9A63     		str	r2, [r3, #56]
  46:Core/Src/led_color.c ****         TIM3 -> CCR4 = bb;
 139              		.loc 1 46 9 is_stmt 1 view .LVU48
 140              		.loc 1 46 22 is_stmt 0 view .LVU49
 141 005e 1964     		str	r1, [r3, #64]
  47:Core/Src/led_color.c ****         break;
 142              		.loc 1 47 9 is_stmt 1 view .LVU50
 143 0060 7047     		bx	lr
 144              	.L3:
  48:Core/Src/led_color.c ****       case fuchsia:
  49:Core/Src/led_color.c ****         TIM3 -> CCR1 = 0;
 145              		.loc 1 49 9 view .LVU51
 146              		.loc 1 49 22 is_stmt 0 view .LVU52
 147 0062 034B     		ldr	r3, .L12
 148 0064 0022     		movs	r2, #0
 149 0066 5A63     		str	r2, [r3, #52]
  50:Core/Src/led_color.c ****         TIM3 -> CCR2 = bb;
 150              		.loc 1 50 9 is_stmt 1 view .LVU53
 151              		.loc 1 50 22 is_stmt 0 view .LVU54
 152 0068 9963     		str	r1, [r3, #56]
  51:Core/Src/led_color.c ****         TIM3 -> CCR4 = bb;
 153              		.loc 1 51 9 is_stmt 1 view .LVU55
 154              		.loc 1 51 22 is_stmt 0 view .LVU56
 155 006a 1964     		str	r1, [r3, #64]
  52:Core/Src/led_color.c ****         break;
 156              		.loc 1 52 9 is_stmt 1 view .LVU57
 157              	.L1:
  53:Core/Src/led_color.c ****     }
  54:Core/Src/led_color.c ****   }...
 158              		.loc 1 54 3 is_stmt 0 view .LVU58
 159 006c 7047     		bx	lr
 160              	.L13:
 161 006e 00BF     		.align	2
 162              	.L12:
 163 0070 00040040 		.word	1073742848
 164              		.cfi_endproc
 165              	.LFE72:
 167              		.text
 168              	.Letext0:
 169              		.file 2 "/usr/arm-none-eabi/include/machine/_default_types.h"
 170              		.file 3 "/usr/arm-none-eabi/include/sys/_stdint.h"
 171              		.file 4 "Core/Inc/led_color.h"
 172              		.file 5 "Drivers/CMSIS/Include/core_cm3.h"
 173              		.file 6 "Drivers/CMSIS/Device/ST/STM32F2xx/Include/system_stm32f2xx.h"
 174              		.file 7 "Drivers/CMSIS/Device/ST/STM32F2xx/Include/stm32f205xx.h"
ARM GAS  /tmp/ccalpIwy.s 			page 5


DEFINED SYMBOLS
                            *ABS*:0000000000000000 led_color.c
     /tmp/ccalpIwy.s:16     .text.Set_Led_Color:0000000000000000 $t
     /tmp/ccalpIwy.s:24     .text.Set_Led_Color:0000000000000000 Set_Led_Color
     /tmp/ccalpIwy.s:38     .text.Set_Led_Color:0000000000000008 $d
     /tmp/ccalpIwy.s:46     .text.Set_Led_Color:0000000000000010 $t
     /tmp/ccalpIwy.s:163    .text.Set_Led_Color:0000000000000070 $d

NO UNDEFINED SYMBOLS
