ARM GAS  /tmp/ccK5Cdbu.s 			page 1


   1              		.cpu cortex-m4
   2              		.eabi_attribute 27, 1
   3              		.eabi_attribute 28, 1
   4              		.eabi_attribute 20, 1
   5              		.eabi_attribute 21, 1
   6              		.eabi_attribute 23, 3
   7              		.eabi_attribute 24, 1
   8              		.eabi_attribute 25, 1
   9              		.eabi_attribute 26, 1
  10              		.eabi_attribute 30, 1
  11              		.eabi_attribute 34, 1
  12              		.eabi_attribute 18, 4
  13              		.file	"syscalls.c"
  14              		.text
  15              	.Ltext0:
  16              		.cfi_sections	.debug_frame
  17              		.section	.text.initialise_monitor_handles,"ax",%progbits
  18              		.align	1
  19              		.global	initialise_monitor_handles
  20              		.arch armv7e-m
  21              		.syntax unified
  22              		.thumb
  23              		.thumb_func
  24              		.fpu fpv4-sp-d16
  26              	initialise_monitor_handles:
  27              	.LFB25:
  28              		.file 1 "Core/Src/syscalls.c"
   1:Core/Src/syscalls.c **** /**
   2:Core/Src/syscalls.c ****  ******************************************************************************
   3:Core/Src/syscalls.c ****  * @file      syscalls.c
   4:Core/Src/syscalls.c ****  * @author    Auto-generated by STM32CubeMX
   5:Core/Src/syscalls.c ****  * @brief     Minimal System calls file
   6:Core/Src/syscalls.c ****  *
   7:Core/Src/syscalls.c ****  *            For more information about which c-functions
   8:Core/Src/syscalls.c ****  *            need which of these lowlevel functions
   9:Core/Src/syscalls.c ****  *            please consult the Newlib libc-manual
  10:Core/Src/syscalls.c ****  ******************************************************************************
  11:Core/Src/syscalls.c ****  * @attention
  12:Core/Src/syscalls.c ****  *
  13:Core/Src/syscalls.c ****  * Copyright (c) 2020-2024 STMicroelectronics.
  14:Core/Src/syscalls.c ****  * All rights reserved.
  15:Core/Src/syscalls.c ****  *
  16:Core/Src/syscalls.c ****  * This software is licensed under terms that can be found in the LICENSE file
  17:Core/Src/syscalls.c ****  * in the root directory of this software component.
  18:Core/Src/syscalls.c ****  * If no LICENSE file comes with this software, it is provided AS-IS.
  19:Core/Src/syscalls.c ****  *
  20:Core/Src/syscalls.c ****  ******************************************************************************
  21:Core/Src/syscalls.c ****  */
  22:Core/Src/syscalls.c **** 
  23:Core/Src/syscalls.c **** /* Includes */
  24:Core/Src/syscalls.c **** #include <sys/stat.h>
  25:Core/Src/syscalls.c **** #include <stdlib.h>
  26:Core/Src/syscalls.c **** #include <errno.h>
  27:Core/Src/syscalls.c **** #include <stdio.h>
  28:Core/Src/syscalls.c **** #include <signal.h>
  29:Core/Src/syscalls.c **** #include <time.h>
  30:Core/Src/syscalls.c **** #include <sys/time.h>
ARM GAS  /tmp/ccK5Cdbu.s 			page 2


  31:Core/Src/syscalls.c **** #include <sys/times.h>
  32:Core/Src/syscalls.c **** 
  33:Core/Src/syscalls.c **** 
  34:Core/Src/syscalls.c **** /* Variables */
  35:Core/Src/syscalls.c **** extern int __io_putchar(int ch) __attribute__((weak));
  36:Core/Src/syscalls.c **** extern int __io_getchar(void) __attribute__((weak));
  37:Core/Src/syscalls.c **** 
  38:Core/Src/syscalls.c **** 
  39:Core/Src/syscalls.c **** char *__env[1] = { 0 };
  40:Core/Src/syscalls.c **** char **environ = __env;
  41:Core/Src/syscalls.c **** 
  42:Core/Src/syscalls.c **** 
  43:Core/Src/syscalls.c **** /* Functions */
  44:Core/Src/syscalls.c **** void initialise_monitor_handles()
  45:Core/Src/syscalls.c **** {
  29              		.loc 1 45 1 view -0
  30              		.cfi_startproc
  31              		@ args = 0, pretend = 0, frame = 0
  32              		@ frame_needed = 0, uses_anonymous_args = 0
  33              		@ link register save eliminated.
  46:Core/Src/syscalls.c **** }
  34              		.loc 1 46 1 view .LVU1
  35 0000 7047     		bx	lr
  36              		.cfi_endproc
  37              	.LFE25:
  39              		.section	.text._getpid,"ax",%progbits
  40              		.align	1
  41              		.global	_getpid
  42              		.syntax unified
  43              		.thumb
  44              		.thumb_func
  45              		.fpu fpv4-sp-d16
  47              	_getpid:
  48              	.LFB26:
  47:Core/Src/syscalls.c **** 
  48:Core/Src/syscalls.c **** int _getpid(void)
  49:Core/Src/syscalls.c **** {
  49              		.loc 1 49 1 view -0
  50              		.cfi_startproc
  51              		@ args = 0, pretend = 0, frame = 0
  52              		@ frame_needed = 0, uses_anonymous_args = 0
  53              		@ link register save eliminated.
  50:Core/Src/syscalls.c ****   return 1;
  54              		.loc 1 50 3 view .LVU3
  51:Core/Src/syscalls.c **** }
  55              		.loc 1 51 1 is_stmt 0 view .LVU4
  56 0000 0120     		movs	r0, #1
  57 0002 7047     		bx	lr
  58              		.cfi_endproc
  59              	.LFE26:
  61              		.section	.text._kill,"ax",%progbits
  62              		.align	1
  63              		.global	_kill
  64              		.syntax unified
  65              		.thumb
  66              		.thumb_func
  67              		.fpu fpv4-sp-d16
ARM GAS  /tmp/ccK5Cdbu.s 			page 3


  69              	_kill:
  70              	.LVL0:
  71              	.LFB27:
  52:Core/Src/syscalls.c **** 
  53:Core/Src/syscalls.c **** int _kill(int pid, int sig)
  54:Core/Src/syscalls.c **** {
  72              		.loc 1 54 1 is_stmt 1 view -0
  73              		.cfi_startproc
  74              		@ args = 0, pretend = 0, frame = 0
  75              		@ frame_needed = 0, uses_anonymous_args = 0
  76              		.loc 1 54 1 is_stmt 0 view .LVU6
  77 0000 08B5     		push	{r3, lr}
  78              	.LCFI0:
  79              		.cfi_def_cfa_offset 8
  80              		.cfi_offset 3, -8
  81              		.cfi_offset 14, -4
  55:Core/Src/syscalls.c ****   (void)pid;
  82              		.loc 1 55 3 is_stmt 1 view .LVU7
  56:Core/Src/syscalls.c ****   (void)sig;
  83              		.loc 1 56 3 view .LVU8
  57:Core/Src/syscalls.c ****   errno = EINVAL;
  84              		.loc 1 57 3 view .LVU9
  85 0002 FFF7FEFF 		bl	__errno
  86              	.LVL1:
  87              		.loc 1 57 9 is_stmt 0 view .LVU10
  88 0006 1623     		movs	r3, #22
  89 0008 0360     		str	r3, [r0]
  58:Core/Src/syscalls.c ****   return -1;
  90              		.loc 1 58 3 is_stmt 1 view .LVU11
  59:Core/Src/syscalls.c **** }
  91              		.loc 1 59 1 is_stmt 0 view .LVU12
  92 000a 4FF0FF30 		mov	r0, #-1
  93 000e 08BD     		pop	{r3, pc}
  94              		.cfi_endproc
  95              	.LFE27:
  97              		.section	.text._exit,"ax",%progbits
  98              		.align	1
  99              		.global	_exit
 100              		.syntax unified
 101              		.thumb
 102              		.thumb_func
 103              		.fpu fpv4-sp-d16
 105              	_exit:
 106              	.LVL2:
 107              	.LFB28:
  60:Core/Src/syscalls.c **** 
  61:Core/Src/syscalls.c **** void _exit (int status)
  62:Core/Src/syscalls.c **** {
 108              		.loc 1 62 1 is_stmt 1 view -0
 109              		.cfi_startproc
 110              		@ Volatile: function does not return.
 111              		@ args = 0, pretend = 0, frame = 0
 112              		@ frame_needed = 0, uses_anonymous_args = 0
 113              		.loc 1 62 1 is_stmt 0 view .LVU14
 114 0000 08B5     		push	{r3, lr}
 115              	.LCFI1:
 116              		.cfi_def_cfa_offset 8
ARM GAS  /tmp/ccK5Cdbu.s 			page 4


 117              		.cfi_offset 3, -8
 118              		.cfi_offset 14, -4
  63:Core/Src/syscalls.c ****   _kill(status, -1);
 119              		.loc 1 63 3 is_stmt 1 view .LVU15
 120 0002 4FF0FF31 		mov	r1, #-1
 121 0006 FFF7FEFF 		bl	_kill
 122              	.LVL3:
 123              	.L6:
  64:Core/Src/syscalls.c ****   while (1) {}    /* Make sure we hang here */
 124              		.loc 1 64 3 discriminator 1 view .LVU16
 125              		.loc 1 64 14 discriminator 1 view .LVU17
 126 000a FEE7     		b	.L6
 127              		.cfi_endproc
 128              	.LFE28:
 130              		.section	.text._read,"ax",%progbits
 131              		.align	1
 132              		.weak	_read
 133              		.syntax unified
 134              		.thumb
 135              		.thumb_func
 136              		.fpu fpv4-sp-d16
 138              	_read:
 139              	.LVL4:
 140              	.LFB29:
  65:Core/Src/syscalls.c **** }
  66:Core/Src/syscalls.c **** 
  67:Core/Src/syscalls.c **** __attribute__((weak)) int _read(int file, char *ptr, int len)
  68:Core/Src/syscalls.c **** {
 141              		.loc 1 68 1 view -0
 142              		.cfi_startproc
 143              		@ args = 0, pretend = 0, frame = 0
 144              		@ frame_needed = 0, uses_anonymous_args = 0
 145              		.loc 1 68 1 is_stmt 0 view .LVU19
 146 0000 70B5     		push	{r4, r5, r6, lr}
 147              	.LCFI2:
 148              		.cfi_def_cfa_offset 16
 149              		.cfi_offset 4, -16
 150              		.cfi_offset 5, -12
 151              		.cfi_offset 6, -8
 152              		.cfi_offset 14, -4
 153 0002 0C46     		mov	r4, r1
 154 0004 1646     		mov	r6, r2
  69:Core/Src/syscalls.c ****   (void)file;
 155              		.loc 1 69 3 is_stmt 1 view .LVU20
  70:Core/Src/syscalls.c ****   int DataIdx;
 156              		.loc 1 70 3 view .LVU21
  71:Core/Src/syscalls.c **** 
  72:Core/Src/syscalls.c ****   for (DataIdx = 0; DataIdx < len; DataIdx++)
 157              		.loc 1 72 3 view .LVU22
 158              	.LVL5:
 159              		.loc 1 72 16 is_stmt 0 view .LVU23
 160 0006 0025     		movs	r5, #0
 161              	.LVL6:
 162              	.L9:
 163              		.loc 1 72 3 discriminator 1 view .LVU24
 164 0008 B542     		cmp	r5, r6
 165 000a 07DA     		bge	.L12
ARM GAS  /tmp/ccK5Cdbu.s 			page 5


  73:Core/Src/syscalls.c ****   {
  74:Core/Src/syscalls.c ****     *ptr++ = __io_getchar();
 166              		.loc 1 74 5 is_stmt 1 discriminator 3 view .LVU25
 167              		.loc 1 74 14 is_stmt 0 discriminator 3 view .LVU26
 168 000c FFF7FEFF 		bl	__io_getchar
 169              	.LVL7:
 170              		.loc 1 74 9 discriminator 3 view .LVU27
 171 0010 2146     		mov	r1, r4
 172              		.loc 1 74 12 discriminator 3 view .LVU28
 173 0012 01F8010B 		strb	r0, [r1], #1
  72:Core/Src/syscalls.c ****   {
 174              		.loc 1 72 43 discriminator 3 view .LVU29
 175 0016 0135     		adds	r5, r5, #1
 176              	.LVL8:
 177              		.loc 1 74 9 discriminator 3 view .LVU30
 178 0018 0C46     		mov	r4, r1
 179              	.LVL9:
 180              		.loc 1 74 9 discriminator 3 view .LVU31
 181 001a F5E7     		b	.L9
 182              	.LVL10:
 183              	.L12:
  75:Core/Src/syscalls.c ****   }
  76:Core/Src/syscalls.c **** 
  77:Core/Src/syscalls.c ****   return len;
 184              		.loc 1 77 3 is_stmt 1 view .LVU32
  78:Core/Src/syscalls.c **** }
 185              		.loc 1 78 1 is_stmt 0 view .LVU33
 186 001c 3046     		mov	r0, r6
 187 001e 70BD     		pop	{r4, r5, r6, pc}
 188              		.loc 1 78 1 view .LVU34
 189              		.cfi_endproc
 190              	.LFE29:
 192              		.section	.text._write,"ax",%progbits
 193              		.align	1
 194              		.weak	_write
 195              		.syntax unified
 196              		.thumb
 197              		.thumb_func
 198              		.fpu fpv4-sp-d16
 200              	_write:
 201              	.LVL11:
 202              	.LFB30:
  79:Core/Src/syscalls.c **** 
  80:Core/Src/syscalls.c **** __attribute__((weak)) int _write(int file, char *ptr, int len)
  81:Core/Src/syscalls.c **** {
 203              		.loc 1 81 1 is_stmt 1 view -0
 204              		.cfi_startproc
 205              		@ args = 0, pretend = 0, frame = 0
 206              		@ frame_needed = 0, uses_anonymous_args = 0
 207              		.loc 1 81 1 is_stmt 0 view .LVU36
 208 0000 70B5     		push	{r4, r5, r6, lr}
 209              	.LCFI3:
 210              		.cfi_def_cfa_offset 16
 211              		.cfi_offset 4, -16
 212              		.cfi_offset 5, -12
 213              		.cfi_offset 6, -8
 214              		.cfi_offset 14, -4
ARM GAS  /tmp/ccK5Cdbu.s 			page 6


 215 0002 0C46     		mov	r4, r1
 216 0004 1646     		mov	r6, r2
  82:Core/Src/syscalls.c ****   (void)file;
 217              		.loc 1 82 3 is_stmt 1 view .LVU37
  83:Core/Src/syscalls.c ****   int DataIdx;
 218              		.loc 1 83 3 view .LVU38
  84:Core/Src/syscalls.c **** 
  85:Core/Src/syscalls.c ****   for (DataIdx = 0; DataIdx < len; DataIdx++)
 219              		.loc 1 85 3 view .LVU39
 220              	.LVL12:
 221              		.loc 1 85 16 is_stmt 0 view .LVU40
 222 0006 0025     		movs	r5, #0
 223              	.LVL13:
 224              	.L14:
 225              		.loc 1 85 3 discriminator 1 view .LVU41
 226 0008 B542     		cmp	r5, r6
 227 000a 05DA     		bge	.L17
  86:Core/Src/syscalls.c ****   {
  87:Core/Src/syscalls.c ****     __io_putchar(*ptr++);
 228              		.loc 1 87 5 is_stmt 1 discriminator 3 view .LVU42
 229              		.loc 1 87 5 is_stmt 0 discriminator 3 view .LVU43
 230 000c 14F8010B 		ldrb	r0, [r4], #1	@ zero_extendqisi2
 231              	.LVL14:
 232              		.loc 1 87 5 discriminator 3 view .LVU44
 233 0010 FFF7FEFF 		bl	__io_putchar
 234              	.LVL15:
  85:Core/Src/syscalls.c ****   {
 235              		.loc 1 85 43 discriminator 3 view .LVU45
 236 0014 0135     		adds	r5, r5, #1
 237              	.LVL16:
  85:Core/Src/syscalls.c ****   {
 238              		.loc 1 85 43 discriminator 3 view .LVU46
 239 0016 F7E7     		b	.L14
 240              	.LVL17:
 241              	.L17:
  88:Core/Src/syscalls.c ****   }
  89:Core/Src/syscalls.c ****   return len;
 242              		.loc 1 89 3 is_stmt 1 view .LVU47
  90:Core/Src/syscalls.c **** }
 243              		.loc 1 90 1 is_stmt 0 view .LVU48
 244 0018 3046     		mov	r0, r6
 245 001a 70BD     		pop	{r4, r5, r6, pc}
 246              		.loc 1 90 1 view .LVU49
 247              		.cfi_endproc
 248              	.LFE30:
 250              		.section	.text._close,"ax",%progbits
 251              		.align	1
 252              		.global	_close
 253              		.syntax unified
 254              		.thumb
 255              		.thumb_func
 256              		.fpu fpv4-sp-d16
 258              	_close:
 259              	.LVL18:
 260              	.LFB31:
  91:Core/Src/syscalls.c **** 
  92:Core/Src/syscalls.c **** int _close(int file)
ARM GAS  /tmp/ccK5Cdbu.s 			page 7


  93:Core/Src/syscalls.c **** {
 261              		.loc 1 93 1 is_stmt 1 view -0
 262              		.cfi_startproc
 263              		@ args = 0, pretend = 0, frame = 0
 264              		@ frame_needed = 0, uses_anonymous_args = 0
 265              		@ link register save eliminated.
  94:Core/Src/syscalls.c ****   (void)file;
 266              		.loc 1 94 3 view .LVU51
  95:Core/Src/syscalls.c ****   return -1;
 267              		.loc 1 95 3 view .LVU52
  96:Core/Src/syscalls.c **** }
 268              		.loc 1 96 1 is_stmt 0 view .LVU53
 269 0000 4FF0FF30 		mov	r0, #-1
 270              	.LVL19:
 271              		.loc 1 96 1 view .LVU54
 272 0004 7047     		bx	lr
 273              		.cfi_endproc
 274              	.LFE31:
 276              		.section	.text._fstat,"ax",%progbits
 277              		.align	1
 278              		.global	_fstat
 279              		.syntax unified
 280              		.thumb
 281              		.thumb_func
 282              		.fpu fpv4-sp-d16
 284              	_fstat:
 285              	.LVL20:
 286              	.LFB32:
  97:Core/Src/syscalls.c **** 
  98:Core/Src/syscalls.c **** 
  99:Core/Src/syscalls.c **** int _fstat(int file, struct stat *st)
 100:Core/Src/syscalls.c **** {
 287              		.loc 1 100 1 is_stmt 1 view -0
 288              		.cfi_startproc
 289              		@ args = 0, pretend = 0, frame = 0
 290              		@ frame_needed = 0, uses_anonymous_args = 0
 291              		@ link register save eliminated.
 101:Core/Src/syscalls.c ****   (void)file;
 292              		.loc 1 101 3 view .LVU56
 102:Core/Src/syscalls.c ****   st->st_mode = S_IFCHR;
 293              		.loc 1 102 3 view .LVU57
 294              		.loc 1 102 15 is_stmt 0 view .LVU58
 295 0000 4FF40053 		mov	r3, #8192
 296 0004 4B60     		str	r3, [r1, #4]
 103:Core/Src/syscalls.c ****   return 0;
 297              		.loc 1 103 3 is_stmt 1 view .LVU59
 104:Core/Src/syscalls.c **** }
 298              		.loc 1 104 1 is_stmt 0 view .LVU60
 299 0006 0020     		movs	r0, #0
 300              	.LVL21:
 301              		.loc 1 104 1 view .LVU61
 302 0008 7047     		bx	lr
 303              		.cfi_endproc
 304              	.LFE32:
 306              		.section	.text._isatty,"ax",%progbits
 307              		.align	1
 308              		.global	_isatty
ARM GAS  /tmp/ccK5Cdbu.s 			page 8


 309              		.syntax unified
 310              		.thumb
 311              		.thumb_func
 312              		.fpu fpv4-sp-d16
 314              	_isatty:
 315              	.LVL22:
 316              	.LFB33:
 105:Core/Src/syscalls.c **** 
 106:Core/Src/syscalls.c **** int _isatty(int file)
 107:Core/Src/syscalls.c **** {
 317              		.loc 1 107 1 is_stmt 1 view -0
 318              		.cfi_startproc
 319              		@ args = 0, pretend = 0, frame = 0
 320              		@ frame_needed = 0, uses_anonymous_args = 0
 321              		@ link register save eliminated.
 108:Core/Src/syscalls.c ****   (void)file;
 322              		.loc 1 108 3 view .LVU63
 109:Core/Src/syscalls.c ****   return 1;
 323              		.loc 1 109 3 view .LVU64
 110:Core/Src/syscalls.c **** }
 324              		.loc 1 110 1 is_stmt 0 view .LVU65
 325 0000 0120     		movs	r0, #1
 326              	.LVL23:
 327              		.loc 1 110 1 view .LVU66
 328 0002 7047     		bx	lr
 329              		.cfi_endproc
 330              	.LFE33:
 332              		.section	.text._lseek,"ax",%progbits
 333              		.align	1
 334              		.global	_lseek
 335              		.syntax unified
 336              		.thumb
 337              		.thumb_func
 338              		.fpu fpv4-sp-d16
 340              	_lseek:
 341              	.LVL24:
 342              	.LFB34:
 111:Core/Src/syscalls.c **** 
 112:Core/Src/syscalls.c **** int _lseek(int file, int ptr, int dir)
 113:Core/Src/syscalls.c **** {
 343              		.loc 1 113 1 is_stmt 1 view -0
 344              		.cfi_startproc
 345              		@ args = 0, pretend = 0, frame = 0
 346              		@ frame_needed = 0, uses_anonymous_args = 0
 347              		@ link register save eliminated.
 114:Core/Src/syscalls.c ****   (void)file;
 348              		.loc 1 114 3 view .LVU68
 115:Core/Src/syscalls.c ****   (void)ptr;
 349              		.loc 1 115 3 view .LVU69
 116:Core/Src/syscalls.c ****   (void)dir;
 350              		.loc 1 116 3 view .LVU70
 117:Core/Src/syscalls.c ****   return 0;
 351              		.loc 1 117 3 view .LVU71
 118:Core/Src/syscalls.c **** }
 352              		.loc 1 118 1 is_stmt 0 view .LVU72
 353 0000 0020     		movs	r0, #0
 354              	.LVL25:
ARM GAS  /tmp/ccK5Cdbu.s 			page 9


 355              		.loc 1 118 1 view .LVU73
 356 0002 7047     		bx	lr
 357              		.cfi_endproc
 358              	.LFE34:
 360              		.section	.text._open,"ax",%progbits
 361              		.align	1
 362              		.global	_open
 363              		.syntax unified
 364              		.thumb
 365              		.thumb_func
 366              		.fpu fpv4-sp-d16
 368              	_open:
 369              	.LVL26:
 370              	.LFB35:
 119:Core/Src/syscalls.c **** 
 120:Core/Src/syscalls.c **** int _open(char *path, int flags, ...)
 121:Core/Src/syscalls.c **** {
 371              		.loc 1 121 1 is_stmt 1 view -0
 372              		.cfi_startproc
 373              		@ args = 4, pretend = 12, frame = 0
 374              		@ frame_needed = 0, uses_anonymous_args = 1
 375              		@ link register save eliminated.
 376              		.loc 1 121 1 is_stmt 0 view .LVU75
 377 0000 0EB4     		push	{r1, r2, r3}
 378              	.LCFI4:
 379              		.cfi_def_cfa_offset 12
 380              		.cfi_offset 1, -12
 381              		.cfi_offset 2, -8
 382              		.cfi_offset 3, -4
 122:Core/Src/syscalls.c ****   (void)path;
 383              		.loc 1 122 3 is_stmt 1 view .LVU76
 123:Core/Src/syscalls.c ****   (void)flags;
 384              		.loc 1 123 3 view .LVU77
 124:Core/Src/syscalls.c ****   /* Pretend like we always fail */
 125:Core/Src/syscalls.c ****   return -1;
 385              		.loc 1 125 3 view .LVU78
 126:Core/Src/syscalls.c **** }
 386              		.loc 1 126 1 is_stmt 0 view .LVU79
 387 0002 4FF0FF30 		mov	r0, #-1
 388              	.LVL27:
 389              		.loc 1 126 1 view .LVU80
 390 0006 03B0     		add	sp, sp, #12
 391              	.LCFI5:
 392              		.cfi_restore 3
 393              		.cfi_restore 2
 394              		.cfi_restore 1
 395              		.cfi_def_cfa_offset 0
 396 0008 7047     		bx	lr
 397              		.cfi_endproc
 398              	.LFE35:
 400              		.section	.text._wait,"ax",%progbits
 401              		.align	1
 402              		.global	_wait
 403              		.syntax unified
 404              		.thumb
 405              		.thumb_func
 406              		.fpu fpv4-sp-d16
ARM GAS  /tmp/ccK5Cdbu.s 			page 10


 408              	_wait:
 409              	.LVL28:
 410              	.LFB36:
 127:Core/Src/syscalls.c **** 
 128:Core/Src/syscalls.c **** int _wait(int *status)
 129:Core/Src/syscalls.c **** {
 411              		.loc 1 129 1 is_stmt 1 view -0
 412              		.cfi_startproc
 413              		@ args = 0, pretend = 0, frame = 0
 414              		@ frame_needed = 0, uses_anonymous_args = 0
 415              		.loc 1 129 1 is_stmt 0 view .LVU82
 416 0000 08B5     		push	{r3, lr}
 417              	.LCFI6:
 418              		.cfi_def_cfa_offset 8
 419              		.cfi_offset 3, -8
 420              		.cfi_offset 14, -4
 130:Core/Src/syscalls.c ****   (void)status;
 421              		.loc 1 130 3 is_stmt 1 view .LVU83
 131:Core/Src/syscalls.c ****   errno = ECHILD;
 422              		.loc 1 131 3 view .LVU84
 423 0002 FFF7FEFF 		bl	__errno
 424              	.LVL29:
 425              		.loc 1 131 9 is_stmt 0 view .LVU85
 426 0006 0A23     		movs	r3, #10
 427 0008 0360     		str	r3, [r0]
 132:Core/Src/syscalls.c ****   return -1;
 428              		.loc 1 132 3 is_stmt 1 view .LVU86
 133:Core/Src/syscalls.c **** }
 429              		.loc 1 133 1 is_stmt 0 view .LVU87
 430 000a 4FF0FF30 		mov	r0, #-1
 431 000e 08BD     		pop	{r3, pc}
 432              		.cfi_endproc
 433              	.LFE36:
 435              		.section	.text._unlink,"ax",%progbits
 436              		.align	1
 437              		.global	_unlink
 438              		.syntax unified
 439              		.thumb
 440              		.thumb_func
 441              		.fpu fpv4-sp-d16
 443              	_unlink:
 444              	.LVL30:
 445              	.LFB37:
 134:Core/Src/syscalls.c **** 
 135:Core/Src/syscalls.c **** int _unlink(char *name)
 136:Core/Src/syscalls.c **** {
 446              		.loc 1 136 1 is_stmt 1 view -0
 447              		.cfi_startproc
 448              		@ args = 0, pretend = 0, frame = 0
 449              		@ frame_needed = 0, uses_anonymous_args = 0
 450              		.loc 1 136 1 is_stmt 0 view .LVU89
 451 0000 08B5     		push	{r3, lr}
 452              	.LCFI7:
 453              		.cfi_def_cfa_offset 8
 454              		.cfi_offset 3, -8
 455              		.cfi_offset 14, -4
 137:Core/Src/syscalls.c ****   (void)name;
ARM GAS  /tmp/ccK5Cdbu.s 			page 11


 456              		.loc 1 137 3 is_stmt 1 view .LVU90
 138:Core/Src/syscalls.c ****   errno = ENOENT;
 457              		.loc 1 138 3 view .LVU91
 458 0002 FFF7FEFF 		bl	__errno
 459              	.LVL31:
 460              		.loc 1 138 9 is_stmt 0 view .LVU92
 461 0006 0223     		movs	r3, #2
 462 0008 0360     		str	r3, [r0]
 139:Core/Src/syscalls.c ****   return -1;
 463              		.loc 1 139 3 is_stmt 1 view .LVU93
 140:Core/Src/syscalls.c **** }
 464              		.loc 1 140 1 is_stmt 0 view .LVU94
 465 000a 4FF0FF30 		mov	r0, #-1
 466 000e 08BD     		pop	{r3, pc}
 467              		.cfi_endproc
 468              	.LFE37:
 470              		.section	.text._times,"ax",%progbits
 471              		.align	1
 472              		.global	_times
 473              		.syntax unified
 474              		.thumb
 475              		.thumb_func
 476              		.fpu fpv4-sp-d16
 478              	_times:
 479              	.LVL32:
 480              	.LFB38:
 141:Core/Src/syscalls.c **** 
 142:Core/Src/syscalls.c **** int _times(struct tms *buf)
 143:Core/Src/syscalls.c **** {
 481              		.loc 1 143 1 is_stmt 1 view -0
 482              		.cfi_startproc
 483              		@ args = 0, pretend = 0, frame = 0
 484              		@ frame_needed = 0, uses_anonymous_args = 0
 485              		@ link register save eliminated.
 144:Core/Src/syscalls.c ****   (void)buf;
 486              		.loc 1 144 3 view .LVU96
 145:Core/Src/syscalls.c ****   return -1;
 487              		.loc 1 145 3 view .LVU97
 146:Core/Src/syscalls.c **** }
 488              		.loc 1 146 1 is_stmt 0 view .LVU98
 489 0000 4FF0FF30 		mov	r0, #-1
 490              	.LVL33:
 491              		.loc 1 146 1 view .LVU99
 492 0004 7047     		bx	lr
 493              		.cfi_endproc
 494              	.LFE38:
 496              		.section	.text._stat,"ax",%progbits
 497              		.align	1
 498              		.global	_stat
 499              		.syntax unified
 500              		.thumb
 501              		.thumb_func
 502              		.fpu fpv4-sp-d16
 504              	_stat:
 505              	.LVL34:
 506              	.LFB39:
 147:Core/Src/syscalls.c **** 
ARM GAS  /tmp/ccK5Cdbu.s 			page 12


 148:Core/Src/syscalls.c **** int _stat(char *file, struct stat *st)
 149:Core/Src/syscalls.c **** {
 507              		.loc 1 149 1 is_stmt 1 view -0
 508              		.cfi_startproc
 509              		@ args = 0, pretend = 0, frame = 0
 510              		@ frame_needed = 0, uses_anonymous_args = 0
 511              		@ link register save eliminated.
 150:Core/Src/syscalls.c ****   (void)file;
 512              		.loc 1 150 3 view .LVU101
 151:Core/Src/syscalls.c ****   st->st_mode = S_IFCHR;
 513              		.loc 1 151 3 view .LVU102
 514              		.loc 1 151 15 is_stmt 0 view .LVU103
 515 0000 4FF40053 		mov	r3, #8192
 516 0004 4B60     		str	r3, [r1, #4]
 152:Core/Src/syscalls.c ****   return 0;
 517              		.loc 1 152 3 is_stmt 1 view .LVU104
 153:Core/Src/syscalls.c **** }
 518              		.loc 1 153 1 is_stmt 0 view .LVU105
 519 0006 0020     		movs	r0, #0
 520              	.LVL35:
 521              		.loc 1 153 1 view .LVU106
 522 0008 7047     		bx	lr
 523              		.cfi_endproc
 524              	.LFE39:
 526              		.section	.text._link,"ax",%progbits
 527              		.align	1
 528              		.global	_link
 529              		.syntax unified
 530              		.thumb
 531              		.thumb_func
 532              		.fpu fpv4-sp-d16
 534              	_link:
 535              	.LVL36:
 536              	.LFB40:
 154:Core/Src/syscalls.c **** 
 155:Core/Src/syscalls.c **** int _link(char *old, char *new)
 156:Core/Src/syscalls.c **** {
 537              		.loc 1 156 1 is_stmt 1 view -0
 538              		.cfi_startproc
 539              		@ args = 0, pretend = 0, frame = 0
 540              		@ frame_needed = 0, uses_anonymous_args = 0
 541              		.loc 1 156 1 is_stmt 0 view .LVU108
 542 0000 08B5     		push	{r3, lr}
 543              	.LCFI8:
 544              		.cfi_def_cfa_offset 8
 545              		.cfi_offset 3, -8
 546              		.cfi_offset 14, -4
 157:Core/Src/syscalls.c ****   (void)old;
 547              		.loc 1 157 3 is_stmt 1 view .LVU109
 158:Core/Src/syscalls.c ****   (void)new;
 548              		.loc 1 158 3 view .LVU110
 159:Core/Src/syscalls.c ****   errno = EMLINK;
 549              		.loc 1 159 3 view .LVU111
 550 0002 FFF7FEFF 		bl	__errno
 551              	.LVL37:
 552              		.loc 1 159 9 is_stmt 0 view .LVU112
 553 0006 1F23     		movs	r3, #31
ARM GAS  /tmp/ccK5Cdbu.s 			page 13


 554 0008 0360     		str	r3, [r0]
 160:Core/Src/syscalls.c ****   return -1;
 555              		.loc 1 160 3 is_stmt 1 view .LVU113
 161:Core/Src/syscalls.c **** }
 556              		.loc 1 161 1 is_stmt 0 view .LVU114
 557 000a 4FF0FF30 		mov	r0, #-1
 558 000e 08BD     		pop	{r3, pc}
 559              		.cfi_endproc
 560              	.LFE40:
 562              		.section	.text._fork,"ax",%progbits
 563              		.align	1
 564              		.global	_fork
 565              		.syntax unified
 566              		.thumb
 567              		.thumb_func
 568              		.fpu fpv4-sp-d16
 570              	_fork:
 571              	.LFB41:
 162:Core/Src/syscalls.c **** 
 163:Core/Src/syscalls.c **** int _fork(void)
 164:Core/Src/syscalls.c **** {
 572              		.loc 1 164 1 is_stmt 1 view -0
 573              		.cfi_startproc
 574              		@ args = 0, pretend = 0, frame = 0
 575              		@ frame_needed = 0, uses_anonymous_args = 0
 576 0000 08B5     		push	{r3, lr}
 577              	.LCFI9:
 578              		.cfi_def_cfa_offset 8
 579              		.cfi_offset 3, -8
 580              		.cfi_offset 14, -4
 165:Core/Src/syscalls.c ****   errno = EAGAIN;
 581              		.loc 1 165 3 view .LVU116
 582 0002 FFF7FEFF 		bl	__errno
 583              	.LVL38:
 584              		.loc 1 165 9 is_stmt 0 view .LVU117
 585 0006 0B23     		movs	r3, #11
 586 0008 0360     		str	r3, [r0]
 166:Core/Src/syscalls.c ****   return -1;
 587              		.loc 1 166 3 is_stmt 1 view .LVU118
 167:Core/Src/syscalls.c **** }
 588              		.loc 1 167 1 is_stmt 0 view .LVU119
 589 000a 4FF0FF30 		mov	r0, #-1
 590 000e 08BD     		pop	{r3, pc}
 591              		.cfi_endproc
 592              	.LFE41:
 594              		.section	.text._execve,"ax",%progbits
 595              		.align	1
 596              		.global	_execve
 597              		.syntax unified
 598              		.thumb
 599              		.thumb_func
 600              		.fpu fpv4-sp-d16
 602              	_execve:
 603              	.LVL39:
 604              	.LFB42:
 168:Core/Src/syscalls.c **** 
 169:Core/Src/syscalls.c **** int _execve(char *name, char **argv, char **env)
ARM GAS  /tmp/ccK5Cdbu.s 			page 14


 170:Core/Src/syscalls.c **** {
 605              		.loc 1 170 1 is_stmt 1 view -0
 606              		.cfi_startproc
 607              		@ args = 0, pretend = 0, frame = 0
 608              		@ frame_needed = 0, uses_anonymous_args = 0
 609              		.loc 1 170 1 is_stmt 0 view .LVU121
 610 0000 08B5     		push	{r3, lr}
 611              	.LCFI10:
 612              		.cfi_def_cfa_offset 8
 613              		.cfi_offset 3, -8
 614              		.cfi_offset 14, -4
 171:Core/Src/syscalls.c ****   (void)name;
 615              		.loc 1 171 3 is_stmt 1 view .LVU122
 172:Core/Src/syscalls.c ****   (void)argv;
 616              		.loc 1 172 3 view .LVU123
 173:Core/Src/syscalls.c ****   (void)env;
 617              		.loc 1 173 3 view .LVU124
 174:Core/Src/syscalls.c ****   errno = ENOMEM;
 618              		.loc 1 174 3 view .LVU125
 619 0002 FFF7FEFF 		bl	__errno
 620              	.LVL40:
 621              		.loc 1 174 9 is_stmt 0 view .LVU126
 622 0006 0C23     		movs	r3, #12
 623 0008 0360     		str	r3, [r0]
 175:Core/Src/syscalls.c ****   return -1;
 624              		.loc 1 175 3 is_stmt 1 view .LVU127
 176:Core/Src/syscalls.c **** }
 625              		.loc 1 176 1 is_stmt 0 view .LVU128
 626 000a 4FF0FF30 		mov	r0, #-1
 627 000e 08BD     		pop	{r3, pc}
 628              		.cfi_endproc
 629              	.LFE42:
 631              		.global	environ
 632              		.global	__env
 633              		.section	.bss.__env,"aw",%nobits
 634              		.align	2
 637              	__env:
 638 0000 00000000 		.space	4
 639              		.section	.data.environ,"aw"
 640              		.align	2
 643              	environ:
 644 0000 00000000 		.word	__env
 645              		.weak	__io_putchar
 646              		.weak	__io_getchar
 647              		.text
 648              	.Letext0:
 649              		.file 2 "/usr/arm-none-eabi/include/machine/_default_types.h"
 650              		.file 3 "/usr/lib/gcc/arm-none-eabi/8.3.1/include/stddef.h"
 651              		.file 4 "/usr/arm-none-eabi/include/sys/_types.h"
 652              		.file 5 "/usr/arm-none-eabi/include/sys/reent.h"
 653              		.file 6 "/usr/arm-none-eabi/include/sys/lock.h"
 654              		.file 7 "/usr/arm-none-eabi/include/sys/_timeval.h"
 655              		.file 8 "/usr/arm-none-eabi/include/sys/types.h"
 656              		.file 9 "/usr/arm-none-eabi/include/time.h"
 657              		.file 10 "/usr/arm-none-eabi/include/sys/stat.h"
 658              		.file 11 "/usr/arm-none-eabi/include/stdlib.h"
 659              		.file 12 "/usr/arm-none-eabi/include/sys/errno.h"
ARM GAS  /tmp/ccK5Cdbu.s 			page 15


 660              		.file 13 "/usr/arm-none-eabi/include/sys/times.h"
ARM GAS  /tmp/ccK5Cdbu.s 			page 16


DEFINED SYMBOLS
                            *ABS*:0000000000000000 syscalls.c
     /tmp/ccK5Cdbu.s:18     .text.initialise_monitor_handles:0000000000000000 $t
     /tmp/ccK5Cdbu.s:26     .text.initialise_monitor_handles:0000000000000000 initialise_monitor_handles
     /tmp/ccK5Cdbu.s:40     .text._getpid:0000000000000000 $t
     /tmp/ccK5Cdbu.s:47     .text._getpid:0000000000000000 _getpid
     /tmp/ccK5Cdbu.s:62     .text._kill:0000000000000000 $t
     /tmp/ccK5Cdbu.s:69     .text._kill:0000000000000000 _kill
     /tmp/ccK5Cdbu.s:98     .text._exit:0000000000000000 $t
     /tmp/ccK5Cdbu.s:105    .text._exit:0000000000000000 _exit
     /tmp/ccK5Cdbu.s:131    .text._read:0000000000000000 $t
     /tmp/ccK5Cdbu.s:138    .text._read:0000000000000000 _read
     /tmp/ccK5Cdbu.s:193    .text._write:0000000000000000 $t
     /tmp/ccK5Cdbu.s:200    .text._write:0000000000000000 _write
     /tmp/ccK5Cdbu.s:251    .text._close:0000000000000000 $t
     /tmp/ccK5Cdbu.s:258    .text._close:0000000000000000 _close
     /tmp/ccK5Cdbu.s:277    .text._fstat:0000000000000000 $t
     /tmp/ccK5Cdbu.s:284    .text._fstat:0000000000000000 _fstat
     /tmp/ccK5Cdbu.s:307    .text._isatty:0000000000000000 $t
     /tmp/ccK5Cdbu.s:314    .text._isatty:0000000000000000 _isatty
     /tmp/ccK5Cdbu.s:333    .text._lseek:0000000000000000 $t
     /tmp/ccK5Cdbu.s:340    .text._lseek:0000000000000000 _lseek
     /tmp/ccK5Cdbu.s:361    .text._open:0000000000000000 $t
     /tmp/ccK5Cdbu.s:368    .text._open:0000000000000000 _open
     /tmp/ccK5Cdbu.s:401    .text._wait:0000000000000000 $t
     /tmp/ccK5Cdbu.s:408    .text._wait:0000000000000000 _wait
     /tmp/ccK5Cdbu.s:436    .text._unlink:0000000000000000 $t
     /tmp/ccK5Cdbu.s:443    .text._unlink:0000000000000000 _unlink
     /tmp/ccK5Cdbu.s:471    .text._times:0000000000000000 $t
     /tmp/ccK5Cdbu.s:478    .text._times:0000000000000000 _times
     /tmp/ccK5Cdbu.s:497    .text._stat:0000000000000000 $t
     /tmp/ccK5Cdbu.s:504    .text._stat:0000000000000000 _stat
     /tmp/ccK5Cdbu.s:527    .text._link:0000000000000000 $t
     /tmp/ccK5Cdbu.s:534    .text._link:0000000000000000 _link
     /tmp/ccK5Cdbu.s:563    .text._fork:0000000000000000 $t
     /tmp/ccK5Cdbu.s:570    .text._fork:0000000000000000 _fork
     /tmp/ccK5Cdbu.s:595    .text._execve:0000000000000000 $t
     /tmp/ccK5Cdbu.s:602    .text._execve:0000000000000000 _execve
     /tmp/ccK5Cdbu.s:643    .data.environ:0000000000000000 environ
     /tmp/ccK5Cdbu.s:637    .bss.__env:0000000000000000 __env
     /tmp/ccK5Cdbu.s:634    .bss.__env:0000000000000000 $d
     /tmp/ccK5Cdbu.s:640    .data.environ:0000000000000000 $d

UNDEFINED SYMBOLS
__errno
__io_getchar
__io_putchar
